# JRE version: OpenJDK Runtime Environment Corretto-11.0.11.9.1 (11.0.11+9) (build 11.0.11+9-LTS)
# Java VM: OpenJDK 64-Bit Server VM Corretto-11.0.11.9.1 (11.0.11+9-LTS, mixed mode, tiered, compressed oops, g1 gc, windows-amd64)
Heap:
 garbage-first heap   total 147456K, used 16997K [0x0000000089400000, 0x0000000100000000)
  region size 1024K, 5 young (5120K), 5 survivors (5120K)
 Metaspace       used 35983K, capacity 37376K, committed 37500K, reserved 1093632K
  class space    used 4510K, capacity 5056K, committed 5120K, reserved 1048576K
GC Heap History (18 events):
Event: 1.017 GC heap before
{Heap before GC invocations=0 (full 0):
 garbage-first heap   total 122880K, used 24576K [0x0000000089400000, 0x0000000100000000)
  region size 1024K, 24 young (24576K), 0 survivors (0K)
 Metaspace       used 13645K, capacity 13967K, committed 14208K, reserved 1062912K
  class space    used 1425K, capacity 1552K, committed 1664K, reserved 1048576K
}
Event: 1.024 GC heap after
{Heap after GC invocations=1 (full 0):
 garbage-first heap   total 122880K, used 7405K [0x0000000089400000, 0x0000000100000000)
  region size 1024K, 3 young (3072K), 3 survivors (3072K)
 Metaspace       used 13645K, capacity 13967K, committed 14208K, reserved 1062912K
  class space    used 1425K, capacity 1552K, committed 1664K, reserved 1048576K
}
Event: 1.460 GC heap before
{Heap before GC invocations=1 (full 0):
 garbage-first heap   total 122880K, used 77037K [0x0000000089400000, 0x0000000100000000)
  region size 1024K, 72 young (73728K), 3 survivors (3072K)
 Metaspace       used 17602K, capacity 18062K, committed 18304K, reserved 1064960K
  class space    used 1954K, capacity 2140K, committed 2176K, reserved 1048576K
}
Event: 1.465 GC heap after
{Heap after GC invocations=2 (full 0):
 garbage-first heap   total 122880K, used 8888K [0x0000000089400000, 0x0000000100000000)
  region size 1024K, 5 young (5120K), 5 survivors (5120K)
 Metaspace       used 17602K, capacity 18062K, committed 18304K, reserved 1064960K
  class space    used 1954K, capacity 2140K, committed 2176K, reserved 1048576K
}
Event: 1.672 GC heap before
{Heap before GC invocations=2 (full 0):
 garbage-first heap   total 122880K, used 29368K [0x0000000089400000, 0x0000000100000000)
  region size 1024K, 26 young (26624K), 5 survivors (5120K)
 Metaspace       used 20381K, capacity 21111K, committed 21296K, reserved 1069056K
  class space    used 2393K, capacity 2666K, committed 2688K, reserved 1048576K
}
Event: 1.679 GC heap after
{Heap after GC invocations=3 (full 0):
 garbage-first heap   total 122880K, used 9952K [0x0000000089400000, 0x0000000100000000)
  region size 1024K, 6 young (6144K), 6 survivors (6144K)
 Metaspace       used 20381K, capacity 21111K, committed 21296K, reserved 1069056K
  class space    used 2393K, capacity 2666K, committed 2688K, reserved 1048576K
}
Event: 2.037 GC heap before
{Heap before GC invocations=4 (full 0):
 garbage-first heap   total 122880K, used 76512K [0x0000000089400000, 0x0000000100000000)
  region size 1024K, 72 young (73728K), 6 survivors (6144K)
 Metaspace       used 24843K, capacity 25671K, committed 25776K, reserved 1071104K
  class space    used 2964K, capacity 3292K, committed 3328K, reserved 1048576K
}
Event: 2.042 GC heap after
{Heap after GC invocations=5 (full 0):
 garbage-first heap   total 122880K, used 11373K [0x0000000089400000, 0x0000000100000000)
  region size 1024K, 4 young (4096K), 4 survivors (4096K)
 Metaspace       used 24843K, capacity 25671K, committed 25776K, reserved 1071104K
  class space    used 2964K, capacity 3292K, committed 3328K, reserved 1048576K
}
Event: 2.659 GC heap before
{Heap before GC invocations=5 (full 0):
 garbage-first heap   total 122880K, used 79981K [0x0000000089400000, 0x0000000100000000)
  region size 1024K, 72 young (73728K), 4 survivors (4096K)
 Metaspace       used 27391K, capacity 28301K, committed 28464K, reserved 1075200K
  class space    used 3323K, capacity 3695K, committed 3712K, reserved 1048576K
}
Event: 2.663 GC heap after
{Heap after GC invocations=6 (full 0):
 garbage-first heap   total 122880K, used 12521K [0x0000000089400000, 0x0000000100000000)
  region size 1024K, 5 young (5120K), 5 survivors (5120K)
 Metaspace       used 27391K, capacity 28301K, committed 28464K, reserved 1075200K
  class space    used 3323K, capacity 3695K, committed 3712K, reserved 1048576K
}
Event: 3.382 GC heap before
{Heap before GC invocations=6 (full 0):
 garbage-first heap   total 122880K, used 80105K [0x0000000089400000, 0x0000000100000000)
  region size 1024K, 72 young (73728K), 5 survivors (5120K)
 Metaspace       used 33274K, capacity 34611K, committed 34864K, reserved 1079296K
  class space    used 4176K, capacity 4710K, committed 4736K, reserved 1048576K
}
Event: 3.389 GC heap after
{Heap after GC invocations=7 (full 0):
 garbage-first heap   total 122880K, used 16013K [0x0000000089400000, 0x0000000100000000)
  region size 1024K, 8 young (8192K), 8 survivors (8192K)
 Metaspace       used 33274K, capacity 34611K, committed 34864K, reserved 1079296K
  class space    used 4176K, capacity 4710K, committed 4736K, reserved 1048576K
}
Event: 3.477 GC heap before
{Heap before GC invocations=7 (full 0):
 garbage-first heap   total 122880K, used 80525K [0x0000000089400000, 0x0000000100000000)
  region size 1024K, 72 young (73728K), 8 survivors (8192K)
 Metaspace       used 33726K, capacity 35112K, committed 35248K, reserved 1079296K
  class space    used 4215K, capacity 4749K, committed 4864K, reserved 1048576K
}
Event: 3.483 GC heap after
{Heap after GC invocations=8 (full 0):
 garbage-first heap   total 147456K, used 16584K [0x0000000089400000, 0x0000000100000000)
  region size 1024K, 5 young (5120K), 5 survivors (5120K)
 Metaspace       used 33726K, capacity 35112K, committed 35248K, reserved 1079296K
  class space    used 4215K, capacity 4749K, committed 4864K, reserved 1048576K
}
Event: 3.633 GC heap before
{Heap before GC invocations=8 (full 0):
 garbage-first heap   total 147456K, used 36040K [0x0000000089400000, 0x0000000100000000)
  region size 1024K, 26 young (26624K), 5 survivors (5120K)
 Metaspace       used 34255K, capacity 35622K, committed 35708K, reserved 1081344K
  class space    used 4291K, capacity 4834K, committed 4864K, reserved 1048576K
}
Event: 3.639 GC heap after
{Heap after GC invocations=9 (full 0):
 garbage-first heap   total 147456K, used 16649K [0x0000000089400000, 0x0000000100000000)
  region size 1024K, 5 young (5120K), 5 survivors (5120K)
 Metaspace       used 34255K, capacity 35622K, committed 35708K, reserved 1081344K
  class space    used 4291K, capacity 4834K, committed 4864K, reserved 1048576K
}
Event: 3.810 GC heap before
{Heap before GC invocations=10 (full 0):
 garbage-first heap   total 147456K, used 32009K [0x0000000089400000, 0x0000000100000000)
  region size 1024K, 21 young (21504K), 5 survivors (5120K)
 Metaspace       used 35983K, capacity 37376K, committed 37500K, reserved 1091584K
  class space    used 4510K, capacity 5056K, committed 5120K, reserved 1048576K
}
Event: 3.815 GC heap after
{Heap after GC invocations=11 (full 0):
 garbage-first heap   total 147456K, used 16997K [0x0000000089400000, 0x0000000100000000)
  region size 1024K, 5 young (5120K), 5 survivors (5120K)
 Metaspace       used 35983K, capacity 37376K, committed 37500K, reserved 1091584K
  class space    used 4510K, capacity 5056K, committed 5120K, reserved 1048576K
}

