# JRE version: OpenJDK Runtime Environment (11.0.6+8) (build 11.0.6+8-b765.25)
# Java VM: OpenJDK 64-Bit Server VM (11.0.6+8-b765.25, mixed mode, sharing, tiered, compressed oops, g1 gc, windows-amd64)
Heap:
 garbage-first heap   total 147456K, used 101324K [0x0000000089400000, 0x0000000100000000)
  region size 1024K, 75 young (76800K), 6 survivors (6144K)
 Metaspace       used 35016K, capacity 36160K, committed 36272K, reserved 1081344K
  class space    used 4070K, capacity 4509K, committed 4608K, reserved 1048576K
GC Heap History (20 events):
Event: 2.959 GC heap before
{Heap before GC invocations=2 (full 0):
 garbage-first heap   total 122880K, used 73898K [0x0000000089400000, 0x0000000100000000)
  region size 1024K, 72 young (73728K), 5 survivors (5120K)
 Metaspace       used 12183K, capacity 12990K, committed 13056K, reserved 1060864K
  class space    used 1538K, capacity 1734K, committed 1792K, reserved 1048576K
}
Event: 2.969 GC heap after
{Heap after GC invocations=3 (full 0):
 garbage-first heap   total 122880K, used 7894K [0x0000000089400000, 0x0000000100000000)
  region size 1024K, 4 young (4096K), 4 survivors (4096K)
 Metaspace       used 12183K, capacity 12990K, committed 13056K, reserved 1060864K
  class space    used 1538K, capacity 1734K, committed 1792K, reserved 1048576K
}
Event: 4.589 GC heap before
{Heap before GC invocations=3 (full 0):
 garbage-first heap   total 122880K, used 77526K [0x0000000089400000, 0x0000000100000000)
  region size 1024K, 72 young (73728K), 4 survivors (4096K)
 Metaspace       used 19338K, capacity 20099K, committed 20224K, reserved 1067008K
  class space    used 2504K, capacity 2792K, committed 2816K, reserved 1048576K
}
Event: 4.596 GC heap after
{Heap after GC invocations=4 (full 0):
 garbage-first heap   total 122880K, used 9542K [0x0000000089400000, 0x0000000100000000)
  region size 1024K, 6 young (6144K), 6 survivors (6144K)
 Metaspace       used 19338K, capacity 20099K, committed 20224K, reserved 1067008K
  class space    used 2504K, capacity 2792K, committed 2816K, reserved 1048576K
}
Event: 4.868 GC heap before
{Heap before GC invocations=4 (full 0):
 garbage-first heap   total 122880K, used 21830K [0x0000000089400000, 0x0000000100000000)
  region size 1024K, 19 young (19456K), 6 survivors (6144K)
 Metaspace       used 20335K, capacity 21127K, committed 21296K, reserved 1067008K
  class space    used 2632K, capacity 2919K, committed 2944K, reserved 1048576K
}
Event: 4.879 GC heap after
{Heap after GC invocations=5 (full 0):
 garbage-first heap   total 122880K, used 10139K [0x0000000089400000, 0x0000000100000000)
  region size 1024K, 5 young (5120K), 5 survivors (5120K)
 Metaspace       used 20335K, capacity 21127K, committed 21296K, reserved 1067008K
  class space    used 2632K, capacity 2919K, committed 2944K, reserved 1048576K
}
Event: 6.186 GC heap before
{Heap before GC invocations=6 (full 0):
 garbage-first heap   total 122880K, used 79771K [0x0000000089400000, 0x0000000100000000)
  region size 1024K, 72 young (73728K), 5 survivors (5120K)
 Metaspace       used 27177K, capacity 28191K, committed 28336K, reserved 1073152K
  class space    used 3407K, capacity 3810K, committed 3840K, reserved 1048576K
}
Event: 6.198 GC heap after
{Heap after GC invocations=7 (full 0):
 garbage-first heap   total 147456K, used 20843K [0x0000000089400000, 0x0000000100000000)
  region size 1024K, 9 young (9216K), 9 survivors (9216K)
 Metaspace       used 27177K, capacity 28191K, committed 28336K, reserved 1073152K
  class space    used 3407K, capacity 3810K, committed 3840K, reserved 1048576K
}
Event: 7.380 GC heap before
{Heap before GC invocations=7 (full 0):
 garbage-first heap   total 147456K, used 102763K [0x0000000089400000, 0x0000000100000000)
  region size 1024K, 86 young (88064K), 9 survivors (9216K)
 Metaspace       used 33151K, capacity 34232K, committed 34352K, reserved 1079296K
  class space    used 3948K, capacity 4394K, committed 4480K, reserved 1048576K
}
Event: 7.389 GC heap after
{Heap after GC invocations=8 (full 0):
 garbage-first heap   total 147456K, used 27520K [0x0000000089400000, 0x0000000100000000)
  region size 1024K, 6 young (6144K), 6 survivors (6144K)
 Metaspace       used 33151K, capacity 34232K, committed 34352K, reserved 1079296K
  class space    used 3948K, capacity 4394K, committed 4480K, reserved 1048576K
}
Event: 226.478 GC heap before
{Heap before GC invocations=8 (full 0):
 garbage-first heap   total 147456K, used 111488K [0x0000000089400000, 0x0000000100000000)
  region size 1024K, 85 young (87040K), 6 survivors (6144K)
 Metaspace       used 33825K, capacity 34903K, committed 35120K, reserved 1079296K
  class space    used 3999K, capacity 4440K, committed 4480K, reserved 1048576K
}
Event: 226.507 GC heap after
{Heap after GC invocations=9 (full 0):
 garbage-first heap   total 147456K, used 27536K [0x0000000089400000, 0x0000000100000000)
  region size 1024K, 6 young (6144K), 6 survivors (6144K)
 Metaspace       used 33825K, capacity 34903K, committed 35120K, reserved 1079296K
  class space    used 3999K, capacity 4440K, committed 4480K, reserved 1048576K
}
Event: 518.085 GC heap before
{Heap before GC invocations=9 (full 0):
 garbage-first heap   total 147456K, used 109456K [0x0000000089400000, 0x0000000100000000)
  region size 1024K, 86 young (88064K), 6 survivors (6144K)
 Metaspace       used 33895K, capacity 34970K, committed 35120K, reserved 1079296K
  class space    used 3999K, capacity 4440K, committed 4480K, reserved 1048576K
}
Event: 518.090 GC heap after
{Heap after GC invocations=10 (full 0):
 garbage-first heap   total 147456K, used 27253K [0x0000000089400000, 0x0000000100000000)
  region size 1024K, 6 young (6144K), 6 survivors (6144K)
 Metaspace       used 33895K, capacity 34970K, committed 35120K, reserved 1079296K
  class space    used 3999K, capacity 4440K, committed 4480K, reserved 1048576K
}
Event: 609.798 GC heap before
{Heap before GC invocations=10 (full 0):
 garbage-first heap   total 147456K, used 103029K [0x0000000089400000, 0x0000000100000000)
  region size 1024K, 74 young (75776K), 6 survivors (6144K)
 Metaspace       used 34519K, capacity 35587K, committed 35632K, reserved 1081344K
  class space    used 4037K, capacity 4470K, committed 4480K, reserved 1048576K
}
Event: 609.809 GC heap after
{Heap after GC invocations=11 (full 0):
 garbage-first heap   total 147456K, used 27998K [0x0000000089400000, 0x0000000100000000)
  region size 1024K, 7 young (7168K), 7 survivors (7168K)
 Metaspace       used 34519K, capacity 35587K, committed 35632K, reserved 1081344K
  class space    used 4037K, capacity 4470K, committed 4480K, reserved 1048576K
}
Event: 742.241 GC heap before
{Heap before GC invocations=12 (full 0):
 garbage-first heap   total 147456K, used 116062K [0x0000000089400000, 0x0000000100000000)
  region size 1024K, 86 young (88064K), 7 survivors (7168K)
 Metaspace       used 34950K, capacity 36096K, committed 36272K, reserved 1081344K
  class space    used 4070K, capacity 4509K, committed 4608K, reserved 1048576K
}
Event: 742.258 GC heap after
{Heap after GC invocations=13 (full 0):
 garbage-first heap   total 147456K, used 30452K [0x0000000089400000, 0x0000000100000000)
  region size 1024K, 6 young (6144K), 6 survivors (6144K)
 Metaspace       used 34950K, capacity 36096K, committed 36272K, reserved 1081344K
  class space    used 4070K, capacity 4509K, committed 4608K, reserved 1048576K
}
Event: 888.744 GC heap before
{Heap before GC invocations=13 (full 0):
 garbage-first heap   total 147456K, used 119540K [0x0000000089400000, 0x0000000100000000)
  region size 1024K, 86 young (88064K), 6 survivors (6144K)
 Metaspace       used 34964K, capacity 36096K, committed 36272K, reserved 1081344K
  class space    used 4070K, capacity 4509K, committed 4608K, reserved 1048576K
}
Event: 888.770 GC heap after
{Heap after GC invocations=14 (full 0):
 garbage-first heap   total 147456K, used 32716K [0x0000000089400000, 0x0000000100000000)
  region size 1024K, 6 young (6144K), 6 survivors (6144K)
 Metaspace       used 34964K, capacity 36096K, committed 36272K, reserved 1081344K
  class space    used 4070K, capacity 4509K, committed 4608K, reserved 1048576K
}

